-1 1434047118.564709 0.0 0.0 0.0 0.0 0.0 0.0 0.0 0.0 0.0 0.0 0.0 0.0 194.0 234.0 255.0 -0.067597 -1.0
-1 1434047118.666505 0.0 0.0 0.0 0.0 0.0 0.0 0.0 0.0 0.0 0.0 0.0 0.0 194.0 234.0 255.0 0.421062 0.469435
-1 1434047118.768696 0.0 0.0 0.0 0.0 0.0 0.0 0.0 0.0 0.0 0.0 0.0 0.0 194.0 234.0 255.0 -0.079763 -0.027364
-1 1434047118.870382 0.0 0.0 0.0 0.0 0.0 0.0 0.0 0.0 0.0 0.0 0.0 0.0 194.0 234.0 255.0 -0.062921 -1.0
-1 1434047118.972143 0.0 0.0 0.0 0.0 0.0 0.0 0.0 0.0 0.0 0.0 0.0 0.0 194.0 234.0 255.0 1.0 0.124111
-1 1434047119.073820 0.0 0.0 0.0 0.0 0.0 0.0 0.0 0.0 0.0 0.0 0.0 0.0 194.0 234.0 255.0 -0.03774 -0.249959
-1 1434047119.175918 0.0 0.0 0.0 0.0 0.0 0.0 0.0 0.0 0.0 0.0 0.0 0.0 194.0 234.0 255.0 -0.543001 -0.445071
-1 1434047119.277893 0.0 0.0 0.0 0.0 0.0 0.0 0.0 0.0 0.0 0.0 0.0 0.0 194.0 234.0 255.0 -0.222043 0.53516
-1 1434047119.379960 0.0 0.0 0.0 0.0 0.0 0.0 0.0 0.0 0.0 0.0 0.0 0.0 194.0 234.0 255.0 -0.947122 -0.27866
-1 1434047119.481708 0.0 0.0 0.0 0.0 0.0 0.0 0.0 0.0 0.0 0.0 0.0 0.0 194.0 234.0 255.0 0.286883 -0.345535
-1 1434047139.868681 0.0 0.0 0.0 0.0 0.0 0.0 0.0 0.0 0.0 0.0 0.0 0.0 194.0 234.0 255.0 0.27674 -0.465618 0.27674 -0.465618
-1 1434047139.971166 0.0 0.0 0.0 0.0 0.0 0.0 0.0 0.0 0.0 0.0 0.0 0.0 194.0 234.0 255.0 0.555039 -0.798056 0.278298 -0.332438
-1 1434047140.073481 0.0 0.0 0.0 0.0 0.0 0.0 0.0 0.0 0.0 0.0 0.0 0.0 194.0 234.0 255.0 0.839138 -1.058123 0.284099 -0.260067
-1 1434047140.175411 0.0 0.0 0.0 0.0 0.0 0.0 0.0 0.0 0.0 0.0 0.0 0.0 194.0 234.0 255.0 1.223528 -1.100913 0.38439 -0.04279
-1 1434047140.277482 0.0 0.0 0.0 0.0 0.0 0.0 0.0 0.0 0.0 0.0 0.0 0.0 194.0 234.0 255.0 1.340787 -0.448438 0.11726 0.652475
-1 1434047140.379833 0.0 0.0 0.0 0.0 0.0 0.0 0.0 0.0 0.0 0.0 0.0 0.0 194.0 234.0 255.0 1.971518 0.389891 0.63073 0.838329
-1 1434047140.481991 0.0 0.0 0.0 0.0 0.0 0.0 0.0 0.0 0.0 0.0 0.0 0.0 194.0 234.0 255.0 1.53476 -0.234445 -0.436758 -0.624337
-1 1434047140.584359 0.0 0.0 0.0 0.0 0.0 0.0 0.0 0.0 0.0 0.0 0.0 0.0 194.0 234.0 255.0 0.563377 -0.444732 -0.971383 -0.210287
-1 1434047140.686375 0.0 0.0 0.0 0.0 0.0 0.0 0.0 0.0 0.0 0.0 0.0 0.0 194.0 234.0 255.0 0.733432 -0.749089 0.170055 -0.304357
-1 1434047140.787589 0.0 0.0 0.0 0.0 0.0 0.0 0.0 0.0 0.0 0.0 0.0 0.0 194.0 234.0 255.0 -0.266568 -0.378048 -1.0 0.371041
